2016-01-19 11:05:46 - MOD: Modification Default
FILE: system/engine/action.php
REGEX: ~(require|include)(_once)?\(([^)]+)~
LINE: 39
FILE: system/engine/loader.php
REGEX: ~(require|include)(_once)?\(([^)]+)~
LINE: 20
LINE: 59
LINE: 80
LINE: 99
FILE: system/library/config.php
REGEX: ~(require|include)(_once)?\(([^)]+)~
LINE: 23
FILE: system/library/language.php
REGEX: ~(require|include)(_once)?\(([^)]+)~
LINE: 25
LINE: 31
----------------------------------------------------------------
2016-01-19 11:27:55 - MOD: Modification Default
FILE: system/engine/action.php
REGEX: ~(require|include)(_once)?\(([^)]+)~
LINE: 39
FILE: system/engine/loader.php
REGEX: ~(require|include)(_once)?\(([^)]+)~
LINE: 20
LINE: 59
LINE: 80
LINE: 99
FILE: system/library/config.php
REGEX: ~(require|include)(_once)?\(([^)]+)~
LINE: 23
FILE: system/library/language.php
REGEX: ~(require|include)(_once)?\(([^)]+)~
LINE: 25
LINE: 31
----------------------------------------------------------------
Modification::refresh - Processing 'Bugfixes for ControllerUserUserPermission'
Modification::refresh - Done 'Bugfixes for ControllerUserUserPermission'
----------------------------------------------------------------
2016-01-19 11:37:41 - MOD: Modification Default
FILE: system/engine/action.php
REGEX: ~(require|include)(_once)?\(([^)]+)~
LINE: 39
FILE: system/engine/loader.php
REGEX: ~(require|include)(_once)?\(([^)]+)~
LINE: 20
LINE: 59
LINE: 80
LINE: 99
FILE: system/library/config.php
REGEX: ~(require|include)(_once)?\(([^)]+)~
LINE: 23
FILE: system/library/language.php
REGEX: ~(require|include)(_once)?\(([^)]+)~
LINE: 25
LINE: 31
----------------------------------------------------------------
Modification::refresh - Processing 'Ask for Price with Disabled Button v2.1.0.1'
Modification::refresh - UNABLE TO FIND FILE(S), IGNORED:
  file = '/home/pedrocones/webmaster/Repository/store/upload/catalog/view/theme/*/template/module/special.tpl'
Modification::refresh - Done 'Ask for Price with Disabled Button v2.1.0.1'
----------------------------------------------------------------
Modification::refresh - Processing 'Bugfixes for ControllerUserUserPermission'
Modification::refresh - Done 'Bugfixes for ControllerUserUserPermission'
----------------------------------------------------------------
2016-01-19 11:42:15 - MOD: Modification Default
FILE: system/engine/action.php
REGEX: ~(require|include)(_once)?\(([^)]+)~
LINE: 39
FILE: system/engine/loader.php
REGEX: ~(require|include)(_once)?\(([^)]+)~
LINE: 20
LINE: 59
LINE: 80
LINE: 99
FILE: system/library/config.php
REGEX: ~(require|include)(_once)?\(([^)]+)~
LINE: 23
FILE: system/library/language.php
REGEX: ~(require|include)(_once)?\(([^)]+)~
LINE: 25
LINE: 31
----------------------------------------------------------------
Modification::refresh - Processing 'Ask for Price with Disabled Button v2.1.0.1'
Modification::refresh - UNABLE TO FIND FILE(S), IGNORED:
  file = '/home/pedrocones/webmaster/Repository/store/upload/catalog/view/theme/*/template/module/special.tpl'
Modification::refresh - Done 'Ask for Price with Disabled Button v2.1.0.1'
----------------------------------------------------------------
Modification::refresh - Processing 'Bugfixes for ControllerUserUserPermission'
Modification::refresh - Done 'Bugfixes for ControllerUserUserPermission'
----------------------------------------------------------------
2016-01-19 11:45:37 - MOD: Modification Default
FILE: system/engine/action.php
REGEX: ~(require|include)(_once)?\(([^)]+)~
LINE: 39
FILE: system/engine/loader.php
REGEX: ~(require|include)(_once)?\(([^)]+)~
LINE: 20
LINE: 59
LINE: 80
LINE: 99
FILE: system/library/config.php
REGEX: ~(require|include)(_once)?\(([^)]+)~
LINE: 23
FILE: system/library/language.php
REGEX: ~(require|include)(_once)?\(([^)]+)~
LINE: 25
LINE: 31
----------------------------------------------------------------
Modification::refresh - Processing 'Ask for Price with Disabled Button v2.1.0.1'
Modification::refresh - UNABLE TO FIND FILE(S), IGNORED:
  file = '/home/pedrocones/webmaster/Repository/store/upload/catalog/view/theme/*/template/module/special.tpl'
Modification::refresh - Done 'Ask for Price with Disabled Button v2.1.0.1'
----------------------------------------------------------------
Modification::refresh - Processing 'Bugfixes for ControllerUserUserPermission'
Modification::refresh - Done 'Bugfixes for ControllerUserUserPermission'
----------------------------------------------------------------
Modification::refresh - Processing 'Ask for Price with Disabled Button v2.1.0.1'
Modification::refresh - SEARCH NOT FOUND (ABORTING MOD):
  file name = '/home/pedrocones/webmaster/Repository/store/upload/catalog/view/theme/default/template/module/bestseller.tpl'
  search = '<?php if ($product['tax']) { ?>'
----------------------------------------------------------------
